[ 2016-03-11T09:48:48+08:00 ] ::1 /php_BdVlogin/
INFO: [ app_init ] --START--
INFO: Run Behavior\BuildLiteBehavior [ RunTime:0.000000s ]
INFO: [ app_init ] --END-- [ RunTime:0.016000s ]
INFO: [ app_begin ] --START--
INFO: Run Behavior\ReadHtmlCacheBehavior [ RunTime:0.001000s ]
INFO: [ app_begin ] --END-- [ RunTime:0.001000s ]
INFO: [ app_end ] --START--
INFO: Run Behavior\ShowPageTraceBehavior [ RunTime:0.001000s ]
INFO: [ app_end ] --END-- [ RunTime:0.001000s ]

[ 2016-03-11T09:48:57+08:00 ] ::1 /php_BdVlogin/index.php/Home/login
INFO: [ app_init ] --START--
INFO: Run Behavior\BuildLiteBehavior [ RunTime:0.000000s ]
INFO: [ app_init ] --END-- [ RunTime:0.002000s ]
INFO: [ app_begin ] --START--
INFO: Run Behavior\ReadHtmlCacheBehavior [ RunTime:0.002000s ]
INFO: [ app_begin ] --END-- [ RunTime:0.003000s ]
INFO: [ view_parse ] --START--
INFO: [ template_filter ] --START--
INFO: Run Behavior\ContentReplaceBehavior [ RunTime:0.001000s ]
INFO: [ template_filter ] --END-- [ RunTime:0.001000s ]
INFO: Run Behavior\ParseTemplateBehavior [ RunTime:0.025000s ]
INFO: [ view_parse ] --END-- [ RunTime:0.025000s ]
INFO: [ view_filter ] --START--
INFO: Run Behavior\WriteHtmlCacheBehavior [ RunTime:0.002000s ]
INFO: [ view_filter ] --END-- [ RunTime:0.002000s ]
INFO: [ app_end ] --START--
INFO: Run Behavior\ShowPageTraceBehavior [ RunTime:0.001000s ]
INFO: [ app_end ] --END-- [ RunTime:0.002000s ]

[ 2016-03-11T09:52:41+08:00 ] 127.0.0.1 /index.php/Home/login
INFO: [ app_init ] --START--
INFO: Run Behavior\BuildLiteBehavior [ RunTime:0.000000s ]
INFO: [ app_init ] --END-- [ RunTime:0.001000s ]
INFO: [ app_begin ] --START--
INFO: Run Behavior\ReadHtmlCacheBehavior [ RunTime:0.001000s ]
INFO: [ app_begin ] --END-- [ RunTime:0.001000s ]
INFO: [ view_parse ] --START--
INFO: [ template_filter ] --START--
INFO: Run Behavior\ContentReplaceBehavior [ RunTime:0.000000s ]
INFO: [ template_filter ] --END-- [ RunTime:0.001000s ]
INFO: Run Behavior\ParseTemplateBehavior [ RunTime:0.012000s ]
INFO: [ view_parse ] --END-- [ RunTime:0.012000s ]
INFO: [ view_filter ] --START--
INFO: Run Behavior\WriteHtmlCacheBehavior [ RunTime:0.001000s ]
INFO: [ view_filter ] --END-- [ RunTime:0.002000s ]
INFO: [ app_end ] --START--
INFO: Run Behavior\ShowPageTraceBehavior [ RunTime:0.001000s ]
INFO: [ app_end ] --END-- [ RunTime:0.001000s ]

[ 2016-03-11T09:52:53+08:00 ] 127.0.0.1 /index.php/Home/login
INFO: [ app_init ] --START--
INFO: Run Behavior\BuildLiteBehavior [ RunTime:0.000000s ]
INFO: [ app_init ] --END-- [ RunTime:0.000000s ]
INFO: [ app_begin ] --START--
INFO: Run Behavior\ReadHtmlCacheBehavior [ RunTime:0.001000s ]
INFO: [ app_begin ] --END-- [ RunTime:0.001000s ]
NOTIC: [8] Undefined offset: 1 D:\www\phpstorm\php_BdVlogin\Application\Home\Controller\LoginController.class.php Á¨¨ 39 Ë°å.
NOTIC: [8] Undefined offset: 1 D:\www\phpstorm\php_BdVlogin\Application\Home\Controller\LoginController.class.php Á¨¨ 40 Ë°å.
NOTIC: [8] Undefined offset: 1 D:\www\phpstorm\php_BdVlogin\Application\Home\Controller\LoginController.class.php Á¨¨ 57 Ë°å.
NOTIC: [8192] mysql_connect(): The mysql extension is deprecated and will be removed in the future: use mysqli or PDO instead D:\www\phpstorm\php_BdVlogin\ThinkPHP\Library\Think\Db\Driver\Mysql.class.php Á¨¨ 52 Ë°å.
NOTIC: [2] mysql_connect():  D:\www\phpstorm\php_BdVlogin\ThinkPHP\Library\Think\Db\Driver\Mysql.class.php Á¨¨ 52 Ë°å.
ERR: ”…”⁄ƒø±Íº∆À„ª˙ª˝º´æ‹æ¯£¨Œﬁ∑®¡¨Ω”°£


[ 2016-03-11T09:56:21+08:00 ] 127.0.0.1 /index.php/Home/login
INFO: [ app_init ] --START--
INFO: Run Behavior\BuildLiteBehavior [ RunTime:0.000000s ]
INFO: [ app_init ] --END-- [ RunTime:0.002000s ]
INFO: [ app_begin ] --START--
INFO: Run Behavior\ReadHtmlCacheBehavior [ RunTime:0.001000s ]
INFO: [ app_begin ] --END-- [ RunTime:0.003000s ]
NOTIC: [8] Undefined offset: 1 D:\www\phpstorm\php_BdVlogin\Application\Home\Controller\LoginController.class.php Á¨¨ 39 Ë°å.
NOTIC: [8] Undefined offset: 1 D:\www\phpstorm\php_BdVlogin\Application\Home\Controller\LoginController.class.php Á¨¨ 40 Ë°å.
NOTIC: [8] Undefined offset: 1 D:\www\phpstorm\php_BdVlogin\Application\Home\Controller\LoginController.class.php Á¨¨ 57 Ë°å.
NOTIC: [8192] mysql_connect(): The mysql extension is deprecated and will be removed in the future: use mysqli or PDO instead D:\www\phpstorm\php_BdVlogin\ThinkPHP\Library\Think\Db\Driver\Mysql.class.php Á¨¨ 52 Ë°å.
SQL: SHOW COLUMNS FROM `tp_admin` [ RunTime:0.020000s ]
SQL: SELECT * FROM `tp_admin` WHERE `username` = '13913854016'  [ RunTime:0.001000s ]
SQL: INSERT INTO `tp_admin` (`username`,`password`,`time`,`ip`,`loginnum`) VALUES ('13913854016','hadoop123',1457661381,'127.0.0.1',1) [ RunTime:0.034000s ]
INFO: [ view_parse ] --START--
INFO: [ template_filter ] --START--
INFO: Run Behavior\ContentReplaceBehavior [ RunTime:0.000000s ]
INFO: [ template_filter ] --END-- [ RunTime:0.002000s ]
INFO: Run Behavior\ParseTemplateBehavior [ RunTime:0.043000s ]
INFO: [ view_parse ] --END-- [ RunTime:0.045000s ]
INFO: [ view_filter ] --START--
INFO: Run Behavior\WriteHtmlCacheBehavior [ RunTime:0.001000s ]
INFO: [ view_filter ] --END-- [ RunTime:0.002000s ]
INFO: [ app_end ] --START--
INFO: Run Behavior\ShowPageTraceBehavior [ RunTime:0.001000s ]
INFO: [ app_end ] --END-- [ RunTime:0.002000s ]

[ 2016-03-11T09:56:22+08:00 ] 127.0.0.1 /index.php/Home/login
INFO: [ app_init ] --START--
INFO: Run Behavior\BuildLiteBehavior [ RunTime:0.000000s ]
INFO: [ app_init ] --END-- [ RunTime:0.001000s ]
INFO: [ app_begin ] --START--
INFO: Run Behavior\ReadHtmlCacheBehavior [ RunTime:0.001000s ]
INFO: [ app_begin ] --END-- [ RunTime:0.003000s ]
INFO: [ view_parse ] --START--
INFO: [ template_filter ] --START--
INFO: Run Behavior\ContentReplaceBehavior [ RunTime:0.001000s ]
INFO: [ template_filter ] --END-- [ RunTime:0.001000s ]
INFO: Run Behavior\ParseTemplateBehavior [ RunTime:0.015000s ]
INFO: [ view_parse ] --END-- [ RunTime:0.016000s ]
INFO: [ view_filter ] --START--
INFO: Run Behavior\WriteHtmlCacheBehavior [ RunTime:0.000000s ]
INFO: [ view_filter ] --END-- [ RunTime:0.001000s ]
INFO: [ app_end ] --START--
INFO: Run Behavior\ShowPageTraceBehavior [ RunTime:0.001000s ]
INFO: [ app_end ] --END-- [ RunTime:0.002000s ]

[ 2016-03-11T10:22:23+08:00 ] 127.0.0.1 /index.php/Home/tieba/gettieba
INFO: [ app_init ] --START--
INFO: Run Behavior\BuildLiteBehavior [ RunTime:0.000000s ]
INFO: [ app_init ] --END-- [ RunTime:0.000500s ]
INFO: [ app_begin ] --START--
INFO: Run Behavior\ReadHtmlCacheBehavior [ RunTime:0.001500s ]
INFO: [ app_begin ] --END-- [ RunTime:0.001500s ]
ERR: ÂèÇÊï∞ÈîôËØØÊàñËÄÖÊú™ÂÆö‰πâ:username

[ 2016-03-11T10:22:45+08:00 ] 127.0.0.1 /index.php/Home/tieba/gettieba?username=13913854016
INFO: [ app_init ] --START--
INFO: Run Behavior\BuildLiteBehavior [ RunTime:0.000000s ]
INFO: [ app_init ] --END-- [ RunTime:0.000000s ]
INFO: [ app_begin ] --START--
INFO: Run Behavior\ReadHtmlCacheBehavior [ RunTime:0.001000s ]
INFO: [ app_begin ] --END-- [ RunTime:0.001000s ]
NOTIC: [8192] mysql_connect(): The mysql extension is deprecated and will be removed in the future: use mysqli or PDO instead D:\www\phpstorm\php_BdVlogin\ThinkPHP\Library\Think\Db\Driver\Mysql.class.php Á¨¨ 52 Ë°å.
SQL: SHOW COLUMNS FROM `tp_admin` [ RunTime:0.006500s ]
SQL: SELECT * FROM `tp_admin` WHERE `username` = '13913854016' LIMIT 1   [ RunTime:0.000500s ]
NOTIC: [8] Undefined variable: tieba D:\www\phpstorm\php_BdVlogin\Application\Home\Controller\TiebaController.class.php Á¨¨ 80 Ë°å.
NOTIC: [2] Invalid argument supplied for foreach() D:\www\phpstorm\php_BdVlogin\Application\Home\Controller\TiebaController.class.php Á¨¨ 80 Ë°å.
NOTIC: [8] Undefined variable: tieba D:\www\phpstorm\php_BdVlogin\Application\Home\Controller\TiebaController.class.php Á¨¨ 80 Ë°å.
NOTIC: [2] Invalid argument supplied for foreach() D:\www\phpstorm\php_BdVlogin\Application\Home\Controller\TiebaController.class.php Á¨¨ 80 Ë°å.
NOTIC: [8] Undefined variable: tieba D:\www\phpstorm\php_BdVlogin\Application\Home\Controller\TiebaController.class.php Á¨¨ 80 Ë°å.
NOTIC: [2] Invalid argument supplied for foreach() D:\www\phpstorm\php_BdVlogin\Application\Home\Controller\TiebaController.class.php Á¨¨ 80 Ë°å.
NOTIC: [8] Undefined variable: tieba D:\www\phpstorm\php_BdVlogin\Application\Home\Controller\TiebaController.class.php Á¨¨ 80 Ë°å.
NOTIC: [2] Invalid argument supplied for foreach() D:\www\phpstorm\php_BdVlogin\Application\Home\Controller\TiebaController.class.php Á¨¨ 80 Ë°å.
NOTIC: [8] Undefined variable: tieba D:\www\phpstorm\php_BdVlogin\Application\Home\Controller\TiebaController.class.php Á¨¨ 80 Ë°å.
NOTIC: [2] Invalid argument supplied for foreach() D:\www\phpstorm\php_BdVlogin\Application\Home\Controller\TiebaController.class.php Á¨¨ 80 Ë°å.
NOTIC: [8] Undefined variable: tieba D:\www\phpstorm\php_BdVlogin\Application\Home\Controller\TiebaController.class.php Á¨¨ 80 Ë°å.
NOTIC: [2] Invalid argument supplied for foreach() D:\www\phpstorm\php_BdVlogin\Application\Home\Controller\TiebaController.class.php Á¨¨ 80 Ë°å.
NOTIC: [8] Undefined variable: tieba D:\www\phpstorm\php_BdVlogin\Application\Home\Controller\TiebaController.class.php Á¨¨ 80 Ë°å.
NOTIC: [2] Invalid argument supplied for foreach() D:\www\phpstorm\php_BdVlogin\Application\Home\Controller\TiebaController.class.php Á¨¨ 80 Ë°å.
NOTIC: [8] Undefined variable: tieba D:\www\phpstorm\php_BdVlogin\Application\Home\Controller\TiebaController.class.php Á¨¨ 80 Ë°å.
NOTIC: [2] Invalid argument supplied for foreach() D:\www\phpstorm\php_BdVlogin\Application\Home\Controller\TiebaController.class.php Á¨¨ 80 Ë°å.
NOTIC: [8] Undefined variable: tieba D:\www\phpstorm\php_BdVlogin\Application\Home\Controller\TiebaController.class.php Á¨¨ 80 Ë°å.
NOTIC: [2] Invalid argument supplied for foreach() D:\www\phpstorm\php_BdVlogin\Application\Home\Controller\TiebaController.class.php Á¨¨ 80 Ë°å.
NOTIC: [8] Undefined index: HTTP_REFERER D:\www\phpstorm\php_BdVlogin\ThinkPHP\Library\Think\Controller.class.php Á¨¨ 282 Ë°å.
INFO: [ view_parse ] --START--
INFO: [ template_filter ] --START--
INFO: Run Behavior\ContentReplaceBehavior [ RunTime:0.000000s ]
INFO: [ template_filter ] --END-- [ RunTime:0.000500s ]
INFO: Run Behavior\ParseTemplateBehavior [ RunTime:0.010500s ]
INFO: [ view_parse ] --END-- [ RunTime:0.010500s ]
INFO: [ view_filter ] --START--
INFO: Run Behavior\WriteHtmlCacheBehavior [ RunTime:0.001000s ]
INFO: [ view_filter ] --END-- [ RunTime:0.001000s ]
INFO: [ app_end ] --START--
INFO: Run Behavior\ShowPageTraceBehavior [ RunTime:0.001000s ]
INFO: [ app_end ] --END-- [ RunTime:0.001000s ]

[ 2016-03-11T10:22:46+08:00 ] 127.0.0.1 /index.php/Home/tieba/gettieba?username=13913854016
INFO: [ app_init ] --START--
INFO: Run Behavior\BuildLiteBehavior [ RunTime:0.000000s ]
INFO: [ app_init ] --END-- [ RunTime:0.000000s ]
INFO: [ app_begin ] --START--
INFO: Run Behavior\ReadHtmlCacheBehavior [ RunTime:0.001000s ]
INFO: [ app_begin ] --END-- [ RunTime:0.001000s ]
NOTIC: [8192] mysql_connect(): The mysql extension is deprecated and will be removed in the future: use mysqli or PDO instead D:\www\phpstorm\php_BdVlogin\ThinkPHP\Library\Think\Db\Driver\Mysql.class.php Á¨¨ 52 Ë°å.
SQL: SHOW COLUMNS FROM `tp_admin` [ RunTime:0.007000s ]
SQL: SELECT * FROM `tp_admin` WHERE `username` = '13913854016' LIMIT 1   [ RunTime:0.000500s ]
NOTIC: [8] Undefined variable: tieba D:\www\phpstorm\php_BdVlogin\Application\Home\Controller\TiebaController.class.php Á¨¨ 80 Ë°å.
NOTIC: [2] Invalid argument supplied for foreach() D:\www\phpstorm\php_BdVlogin\Application\Home\Controller\TiebaController.class.php Á¨¨ 80 Ë°å.
NOTIC: [8] Undefined variable: tieba D:\www\phpstorm\php_BdVlogin\Application\Home\Controller\TiebaController.class.php Á¨¨ 80 Ë°å.
NOTIC: [2] Invalid argument supplied for foreach() D:\www\phpstorm\php_BdVlogin\Application\Home\Controller\TiebaController.class.php Á¨¨ 80 Ë°å.
NOTIC: [8] Undefined variable: tieba D:\www\phpstorm\php_BdVlogin\Application\Home\Controller\TiebaController.class.php Á¨¨ 80 Ë°å.
NOTIC: [2] Invalid argument supplied for foreach() D:\www\phpstorm\php_BdVlogin\Application\Home\Controller\TiebaController.class.php Á¨¨ 80 Ë°å.
NOTIC: [8] Undefined variable: tieba D:\www\phpstorm\php_BdVlogin\Application\Home\Controller\TiebaController.class.php Á¨¨ 80 Ë°å.
NOTIC: [2] Invalid argument supplied for foreach() D:\www\phpstorm\php_BdVlogin\Application\Home\Controller\TiebaController.class.php Á¨¨ 80 Ë°å.
NOTIC: [8] Undefined variable: tieba D:\www\phpstorm\php_BdVlogin\Application\Home\Controller\TiebaController.class.php Á¨¨ 80 Ë°å.
NOTIC: [2] Invalid argument supplied for foreach() D:\www\phpstorm\php_BdVlogin\Application\Home\Controller\TiebaController.class.php Á¨¨ 80 Ë°å.
NOTIC: [8] Undefined variable: tieba D:\www\phpstorm\php_BdVlogin\Application\Home\Controller\TiebaController.class.php Á¨¨ 80 Ë°å.
NOTIC: [2] Invalid argument supplied for foreach() D:\www\phpstorm\php_BdVlogin\Application\Home\Controller\TiebaController.class.php Á¨¨ 80 Ë°å.
NOTIC: [8] Undefined variable: tieba D:\www\phpstorm\php_BdVlogin\Application\Home\Controller\TiebaController.class.php Á¨¨ 80 Ë°å.
NOTIC: [2] Invalid argument supplied for foreach() D:\www\phpstorm\php_BdVlogin\Application\Home\Controller\TiebaController.class.php Á¨¨ 80 Ë°å.
NOTIC: [8] Undefined variable: tieba D:\www\phpstorm\php_BdVlogin\Application\Home\Controller\TiebaController.class.php Á¨¨ 80 Ë°å.
NOTIC: [2] Invalid argument supplied for foreach() D:\www\phpstorm\php_BdVlogin\Application\Home\Controller\TiebaController.class.php Á¨¨ 80 Ë°å.
NOTIC: [8] Undefined variable: tieba D:\www\phpstorm\php_BdVlogin\Application\Home\Controller\TiebaController.class.php Á¨¨ 80 Ë°å.
NOTIC: [2] Invalid argument supplied for foreach() D:\www\phpstorm\php_BdVlogin\Application\Home\Controller\TiebaController.class.php Á¨¨ 80 Ë°å.
INFO: [ view_parse ] --START--
INFO: [ template_filter ] --START--
INFO: Run Behavior\ContentReplaceBehavior [ RunTime:0.000000s ]
INFO: [ template_filter ] --END-- [ RunTime:0.000000s ]
INFO: Run Behavior\ParseTemplateBehavior [ RunTime:0.007500s ]
INFO: [ view_parse ] --END-- [ RunTime:0.007500s ]
INFO: [ view_filter ] --START--
INFO: Run Behavior\WriteHtmlCacheBehavior [ RunTime:0.000500s ]
INFO: [ view_filter ] --END-- [ RunTime:0.000500s ]
INFO: [ app_end ] --START--
INFO: Run Behavior\ShowPageTraceBehavior [ RunTime:0.000500s ]
INFO: [ app_end ] --END-- [ RunTime:0.000500s ]

[ 2016-03-11T10:22:47+08:00 ] 127.0.0.1 /index.php/Home/tieba/gettieba?username=13913854016
INFO: [ app_init ] --START--
INFO: Run Behavior\BuildLiteBehavior [ RunTime:0.000000s ]
INFO: [ app_init ] --END-- [ RunTime:0.000000s ]
INFO: [ app_begin ] --START--
INFO: Run Behavior\ReadHtmlCacheBehavior [ RunTime:0.001500s ]
INFO: [ app_begin ] --END-- [ RunTime:0.001500s ]
NOTIC: [8192] mysql_connect(): The mysql extension is deprecated and will be removed in the future: use mysqli or PDO instead D:\www\phpstorm\php_BdVlogin\ThinkPHP\Library\Think\Db\Driver\Mysql.class.php Á¨¨ 52 Ë°å.
SQL: SHOW COLUMNS FROM `tp_admin` [ RunTime:0.009000s ]
SQL: SELECT * FROM `tp_admin` WHERE `username` = '13913854016' LIMIT 1   [ RunTime:0.000000s ]
NOTIC: [8] Undefined variable: tieba D:\www\phpstorm\php_BdVlogin\Application\Home\Controller\TiebaController.class.php Á¨¨ 80 Ë°å.
NOTIC: [2] Invalid argument supplied for foreach() D:\www\phpstorm\php_BdVlogin\Application\Home\Controller\TiebaController.class.php Á¨¨ 80 Ë°å.
NOTIC: [8] Undefined variable: tieba D:\www\phpstorm\php_BdVlogin\Application\Home\Controller\TiebaController.class.php Á¨¨ 80 Ë°å.
NOTIC: [2] Invalid argument supplied for foreach() D:\www\phpstorm\php_BdVlogin\Application\Home\Controller\TiebaController.class.php Á¨¨ 80 Ë°å.
NOTIC: [8] Undefined variable: tieba D:\www\phpstorm\php_BdVlogin\Application\Home\Controller\TiebaController.class.php Á¨¨ 80 Ë°å.
NOTIC: [2] Invalid argument supplied for foreach() D:\www\phpstorm\php_BdVlogin\Application\Home\Controller\TiebaController.class.php Á¨¨ 80 Ë°å.
NOTIC: [8] Undefined variable: tieba D:\www\phpstorm\php_BdVlogin\Application\Home\Controller\TiebaController.class.php Á¨¨ 80 Ë°å.
NOTIC: [2] Invalid argument supplied for foreach() D:\www\phpstorm\php_BdVlogin\Application\Home\Controller\TiebaController.class.php Á¨¨ 80 Ë°å.
NOTIC: [8] Undefined variable: tieba D:\www\phpstorm\php_BdVlogin\Application\Home\Controller\TiebaController.class.php Á¨¨ 80 Ë°å.
NOTIC: [2] Invalid argument supplied for foreach() D:\www\phpstorm\php_BdVlogin\Application\Home\Controller\TiebaController.class.php Á¨¨ 80 Ë°å.
NOTIC: [8] Undefined variable: tieba D:\www\phpstorm\php_BdVlogin\Application\Home\Controller\TiebaController.class.php Á¨¨ 80 Ë°å.
NOTIC: [2] Invalid argument supplied for foreach() D:\www\phpstorm\php_BdVlogin\Application\Home\Controller\TiebaController.class.php Á¨¨ 80 Ë°å.
NOTIC: [8] Undefined variable: tieba D:\www\phpstorm\php_BdVlogin\Application\Home\Controller\TiebaController.class.php Á¨¨ 80 Ë°å.
NOTIC: [2] Invalid argument supplied for foreach() D:\www\phpstorm\php_BdVlogin\Application\Home\Controller\TiebaController.class.php Á¨¨ 80 Ë°å.
NOTIC: [8] Undefined variable: tieba D:\www\phpstorm\php_BdVlogin\Application\Home\Controller\TiebaController.class.php Á¨¨ 80 Ë°å.
NOTIC: [2] Invalid argument supplied for foreach() D:\www\phpstorm\php_BdVlogin\Application\Home\Controller\TiebaController.class.php Á¨¨ 80 Ë°å.
NOTIC: [8] Undefined variable: tieba D:\www\phpstorm\php_BdVlogin\Application\Home\Controller\TiebaController.class.php Á¨¨ 80 Ë°å.
NOTIC: [2] Invalid argument supplied for foreach() D:\www\phpstorm\php_BdVlogin\Application\Home\Controller\TiebaController.class.php Á¨¨ 80 Ë°å.
INFO: [ view_parse ] --START--
INFO: [ template_filter ] --START--
INFO: Run Behavior\ContentReplaceBehavior [ RunTime:0.000000s ]
INFO: [ template_filter ] --END-- [ RunTime:0.000000s ]
INFO: Run Behavior\ParseTemplateBehavior [ RunTime:0.008000s ]
INFO: [ view_parse ] --END-- [ RunTime:0.008000s ]
INFO: [ view_filter ] --START--
INFO: Run Behavior\WriteHtmlCacheBehavior [ RunTime:0.001000s ]
INFO: [ view_filter ] --END-- [ RunTime:0.001000s ]
INFO: [ app_end ] --START--
INFO: Run Behavior\ShowPageTraceBehavior [ RunTime:0.000500s ]
INFO: [ app_end ] --END-- [ RunTime:0.000500s ]

[ 2016-03-11T10:22:48+08:00 ] 127.0.0.1 /index.php/Home/tieba/gettieba?username=13913854016
INFO: [ app_init ] --START--
INFO: Run Behavior\BuildLiteBehavior [ RunTime:0.000000s ]
INFO: [ app_init ] --END-- [ RunTime:0.000000s ]
INFO: [ app_begin ] --START--
INFO: Run Behavior\ReadHtmlCacheBehavior [ RunTime:0.001000s ]
INFO: [ app_begin ] --END-- [ RunTime:0.001000s ]
NOTIC: [8192] mysql_connect(): The mysql extension is deprecated and will be removed in the future: use mysqli or PDO instead D:\www\phpstorm\php_BdVlogin\ThinkPHP\Library\Think\Db\Driver\Mysql.class.php Á¨¨ 52 Ë°å.
SQL: SHOW COLUMNS FROM `tp_admin` [ RunTime:0.006500s ]
SQL: SELECT * FROM `tp_admin` WHERE `username` = '13913854016' LIMIT 1   [ RunTime:0.000000s ]
NOTIC: [8] Undefined variable: tieba D:\www\phpstorm\php_BdVlogin\Application\Home\Controller\TiebaController.class.php Á¨¨ 80 Ë°å.
NOTIC: [2] Invalid argument supplied for foreach() D:\www\phpstorm\php_BdVlogin\Application\Home\Controller\TiebaController.class.php Á¨¨ 80 Ë°å.
NOTIC: [8] Undefined variable: tieba D:\www\phpstorm\php_BdVlogin\Application\Home\Controller\TiebaController.class.php Á¨¨ 80 Ë°å.
NOTIC: [2] Invalid argument supplied for foreach() D:\www\phpstorm\php_BdVlogin\Application\Home\Controller\TiebaController.class.php Á¨¨ 80 Ë°å.
NOTIC: [8] Undefined variable: tieba D:\www\phpstorm\php_BdVlogin\Application\Home\Controller\TiebaController.class.php Á¨¨ 80 Ë°å.
NOTIC: [2] Invalid argument supplied for foreach() D:\www\phpstorm\php_BdVlogin\Application\Home\Controller\TiebaController.class.php Á¨¨ 80 Ë°å.
NOTIC: [8] Undefined variable: tieba D:\www\phpstorm\php_BdVlogin\Application\Home\Controller\TiebaController.class.php Á¨¨ 80 Ë°å.
NOTIC: [2] Invalid argument supplied for foreach() D:\www\phpstorm\php_BdVlogin\Application\Home\Controller\TiebaController.class.php Á¨¨ 80 Ë°å.
NOTIC: [8] Undefined variable: tieba D:\www\phpstorm\php_BdVlogin\Application\Home\Controller\TiebaController.class.php Á¨¨ 80 Ë°å.
NOTIC: [2] Invalid argument supplied for foreach() D:\www\phpstorm\php_BdVlogin\Application\Home\Controller\TiebaController.class.php Á¨¨ 80 Ë°å.
NOTIC: [8] Undefined variable: tieba D:\www\phpstorm\php_BdVlogin\Application\Home\Controller\TiebaController.class.php Á¨¨ 80 Ë°å.
NOTIC: [2] Invalid argument supplied for foreach() D:\www\phpstorm\php_BdVlogin\Application\Home\Controller\TiebaController.class.php Á¨¨ 80 Ë°å.
NOTIC: [8] Undefined variable: tieba D:\www\phpstorm\php_BdVlogin\Application\Home\Controller\TiebaController.class.php Á¨¨ 80 Ë°å.
NOTIC: [2] Invalid argument supplied for foreach() D:\www\phpstorm\php_BdVlogin\Application\Home\Controller\TiebaController.class.php Á¨¨ 80 Ë°å.
NOTIC: [8] Undefined variable: tieba D:\www\phpstorm\php_BdVlogin\Application\Home\Controller\TiebaController.class.php Á¨¨ 80 Ë°å.
NOTIC: [2] Invalid argument supplied for foreach() D:\www\phpstorm\php_BdVlogin\Application\Home\Controller\TiebaController.class.php Á¨¨ 80 Ë°å.
NOTIC: [8] Undefined variable: tieba D:\www\phpstorm\php_BdVlogin\Application\Home\Controller\TiebaController.class.php Á¨¨ 80 Ë°å.
NOTIC: [2] Invalid argument supplied for foreach() D:\www\phpstorm\php_BdVlogin\Application\Home\Controller\TiebaController.class.php Á¨¨ 80 Ë°å.
INFO: [ view_parse ] --START--
INFO: [ template_filter ] --START--
INFO: Run Behavior\ContentReplaceBehavior [ RunTime:0.000000s ]
INFO: [ template_filter ] --END-- [ RunTime:0.000000s ]
INFO: Run Behavior\ParseTemplateBehavior [ RunTime:0.010000s ]
INFO: [ view_parse ] --END-- [ RunTime:0.010000s ]
INFO: [ view_filter ] --START--
INFO: Run Behavior\WriteHtmlCacheBehavior [ RunTime:0.001000s ]
INFO: [ view_filter ] --END-- [ RunTime:0.001000s ]
INFO: [ app_end ] --START--
INFO: Run Behavior\ShowPageTraceBehavior [ RunTime:0.001000s ]
INFO: [ app_end ] --END-- [ RunTime:0.001000s ]

[ 2016-03-11T10:22:50+08:00 ] 127.0.0.1 /index.php/Home/tieba/gettieba?username=13913854016
INFO: [ app_init ] --START--
INFO: Run Behavior\BuildLiteBehavior [ RunTime:0.000000s ]
INFO: [ app_init ] --END-- [ RunTime:0.000000s ]
INFO: [ app_begin ] --START--
INFO: Run Behavior\ReadHtmlCacheBehavior [ RunTime:0.000500s ]
INFO: [ app_begin ] --END-- [ RunTime:0.001000s ]
NOTIC: [8192] mysql_connect(): The mysql extension is deprecated and will be removed in the future: use mysqli or PDO instead D:\www\phpstorm\php_BdVlogin\ThinkPHP\Library\Think\Db\Driver\Mysql.class.php Á¨¨ 52 Ë°å.
SQL: SHOW COLUMNS FROM `tp_admin` [ RunTime:0.007500s ]
SQL: SELECT * FROM `tp_admin` WHERE `username` = '13913854016' LIMIT 1   [ RunTime:0.000500s ]
NOTIC: [8] Undefined variable: tieba D:\www\phpstorm\php_BdVlogin\Application\Home\Controller\TiebaController.class.php Á¨¨ 80 Ë°å.
NOTIC: [2] Invalid argument supplied for foreach() D:\www\phpstorm\php_BdVlogin\Application\Home\Controller\TiebaController.class.php Á¨¨ 80 Ë°å.
NOTIC: [8] Undefined variable: tieba D:\www\phpstorm\php_BdVlogin\Application\Home\Controller\TiebaController.class.php Á¨¨ 80 Ë°å.
NOTIC: [2] Invalid argument supplied for foreach() D:\www\phpstorm\php_BdVlogin\Application\Home\Controller\TiebaController.class.php Á¨¨ 80 Ë°å.
NOTIC: [8] Undefined variable: tieba D:\www\phpstorm\php_BdVlogin\Application\Home\Controller\TiebaController.class.php Á¨¨ 80 Ë°å.
NOTIC: [2] Invalid argument supplied for foreach() D:\www\phpstorm\php_BdVlogin\Application\Home\Controller\TiebaController.class.php Á¨¨ 80 Ë°å.
NOTIC: [8] Undefined variable: tieba D:\www\phpstorm\php_BdVlogin\Application\Home\Controller\TiebaController.class.php Á¨¨ 80 Ë°å.
NOTIC: [2] Invalid argument supplied for foreach() D:\www\phpstorm\php_BdVlogin\Application\Home\Controller\TiebaController.class.php Á¨¨ 80 Ë°å.
NOTIC: [8] Undefined variable: tieba D:\www\phpstorm\php_BdVlogin\Application\Home\Controller\TiebaController.class.php Á¨¨ 80 Ë°å.
NOTIC: [2] Invalid argument supplied for foreach() D:\www\phpstorm\php_BdVlogin\Application\Home\Controller\TiebaController.class.php Á¨¨ 80 Ë°å.
NOTIC: [8] Undefined variable: tieba D:\www\phpstorm\php_BdVlogin\Application\Home\Controller\TiebaController.class.php Á¨¨ 80 Ë°å.
NOTIC: [2] Invalid argument supplied for foreach() D:\www\phpstorm\php_BdVlogin\Application\Home\Controller\TiebaController.class.php Á¨¨ 80 Ë°å.
NOTIC: [8] Undefined variable: tieba D:\www\phpstorm\php_BdVlogin\Application\Home\Controller\TiebaController.class.php Á¨¨ 80 Ë°å.
NOTIC: [2] Invalid argument supplied for foreach() D:\www\phpstorm\php_BdVlogin\Application\Home\Controller\TiebaController.class.php Á¨¨ 80 Ë°å.
NOTIC: [8] Undefined variable: tieba D:\www\phpstorm\php_BdVlogin\Application\Home\Controller\TiebaController.class.php Á¨¨ 80 Ë°å.
NOTIC: [2] Invalid argument supplied for foreach() D:\www\phpstorm\php_BdVlogin\Application\Home\Controller\TiebaController.class.php Á¨¨ 80 Ë°å.
NOTIC: [8] Undefined variable: tieba D:\www\phpstorm\php_BdVlogin\Application\Home\Controller\TiebaController.class.php Á¨¨ 80 Ë°å.
NOTIC: [2] Invalid argument supplied for foreach() D:\www\phpstorm\php_BdVlogin\Application\Home\Controller\TiebaController.class.php Á¨¨ 80 Ë°å.
INFO: [ view_parse ] --START--
INFO: [ template_filter ] --START--
INFO: Run Behavior\ContentReplaceBehavior [ RunTime:0.000000s ]
INFO: [ template_filter ] --END-- [ RunTime:0.000000s ]
INFO: Run Behavior\ParseTemplateBehavior [ RunTime:0.013500s ]
INFO: [ view_parse ] --END-- [ RunTime:0.013500s ]
INFO: [ view_filter ] --START--
INFO: Run Behavior\WriteHtmlCacheBehavior [ RunTime:0.001000s ]
INFO: [ view_filter ] --END-- [ RunTime:0.001000s ]
INFO: [ app_end ] --START--
INFO: Run Behavior\ShowPageTraceBehavior [ RunTime:0.001000s ]
INFO: [ app_end ] --END-- [ RunTime:0.001500s ]

[ 2016-03-11T10:22:50+08:00 ] 127.0.0.1 /index.php/
INFO: [ app_init ] --START--
INFO: Run Behavior\BuildLiteBehavior [ RunTime:0.000000s ]
INFO: [ app_init ] --END-- [ RunTime:0.000000s ]
INFO: [ app_begin ] --START--
INFO: Run Behavior\ReadHtmlCacheBehavior [ RunTime:0.001000s ]
INFO: [ app_begin ] --END-- [ RunTime:0.001000s ]
INFO: [ app_end ] --START--
INFO: Run Behavior\ShowPageTraceBehavior [ RunTime:0.001000s ]
INFO: [ app_end ] --END-- [ RunTime:0.001000s ]

[ 2016-03-11T10:23:35+08:00 ] 127.0.0.1 /index.php/
INFO: [ app_init ] --START--
INFO: Run Behavior\BuildLiteBehavior [ RunTime:0.000000s ]
INFO: [ app_init ] --END-- [ RunTime:0.000000s ]
INFO: [ app_begin ] --START--
INFO: Run Behavior\ReadHtmlCacheBehavior [ RunTime:0.001000s ]
INFO: [ app_begin ] --END-- [ RunTime:0.001000s ]
INFO: [ app_end ] --START--
INFO: Run Behavior\ShowPageTraceBehavior [ RunTime:0.001000s ]
INFO: [ app_end ] --END-- [ RunTime:0.001000s ]

[ 2016-03-11T10:24:10+08:00 ] 127.0.0.1 /index.php/Home/login
INFO: [ app_init ] --START--
INFO: Run Behavior\BuildLiteBehavior [ RunTime:0.000000s ]
INFO: [ app_init ] --END-- [ RunTime:0.000000s ]
INFO: [ app_begin ] --START--
INFO: Run Behavior\ReadHtmlCacheBehavior [ RunTime:0.000500s ]
INFO: [ app_begin ] --END-- [ RunTime:0.000500s ]
INFO: [ view_parse ] --START--
INFO: [ template_filter ] --START--
INFO: Run Behavior\ContentReplaceBehavior [ RunTime:0.000000s ]
INFO: [ template_filter ] --END-- [ RunTime:0.000000s ]
INFO: Run Behavior\ParseTemplateBehavior [ RunTime:0.007500s ]
INFO: [ view_parse ] --END-- [ RunTime:0.007500s ]
INFO: [ view_filter ] --START--
INFO: Run Behavior\WriteHtmlCacheBehavior [ RunTime:0.000500s ]
INFO: [ view_filter ] --END-- [ RunTime:0.000500s ]
INFO: [ app_end ] --START--
INFO: Run Behavior\ShowPageTraceBehavior [ RunTime:0.001000s ]
INFO: [ app_end ] --END-- [ RunTime:0.001000s ]

[ 2016-03-11T10:24:17+08:00 ] 127.0.0.1 /index.php/Home/login
INFO: [ app_init ] --START--
INFO: Run Behavior\BuildLiteBehavior [ RunTime:0.000000s ]
INFO: [ app_init ] --END-- [ RunTime:0.000000s ]
INFO: [ app_begin ] --START--
INFO: Run Behavior\ReadHtmlCacheBehavior [ RunTime:0.000500s ]
INFO: [ app_begin ] --END-- [ RunTime:0.000500s ]
NOTIC: [8] Undefined offset: 1 D:\www\phpstorm\php_BdVlogin\Application\Home\Controller\LoginController.class.php Á¨¨ 39 Ë°å.
NOTIC: [8] Undefined offset: 1 D:\www\phpstorm\php_BdVlogin\Application\Home\Controller\LoginController.class.php Á¨¨ 40 Ë°å.
NOTIC: [8] Undefined offset: 1 D:\www\phpstorm\php_BdVlogin\Application\Home\Controller\LoginController.class.php Á¨¨ 57 Ë°å.
NOTIC: [8192] mysql_connect(): The mysql extension is deprecated and will be removed in the future: use mysqli or PDO instead D:\www\phpstorm\php_BdVlogin\ThinkPHP\Library\Think\Db\Driver\Mysql.class.php Á¨¨ 52 Ë°å.
SQL: SHOW COLUMNS FROM `tp_admin` [ RunTime:0.010500s ]
SQL: SELECT * FROM `tp_admin` WHERE `username` = '13913854016'  [ RunTime:0.000500s ]
SQL: UPDATE `tp_admin` SET `username`='13913854016',`password`='hadoop123',`time`=1457663057,`ip`='127.0.0.1',`loginnum`=2 WHERE `id` = 2 [ RunTime:0.130500s ]
INFO: [ view_parse ] --START--
INFO: [ template_filter ] --START--
INFO: Run Behavior\ContentReplaceBehavior [ RunTime:0.000500s ]
INFO: [ template_filter ] --END-- [ RunTime:0.000500s ]
INFO: Run Behavior\ParseTemplateBehavior [ RunTime:0.014500s ]
INFO: [ view_parse ] --END-- [ RunTime:0.015000s ]
INFO: [ view_filter ] --START--
INFO: Run Behavior\WriteHtmlCacheBehavior [ RunTime:0.001000s ]
INFO: [ view_filter ] --END-- [ RunTime:0.001000s ]
INFO: [ app_end ] --START--
INFO: Run Behavior\ShowPageTraceBehavior [ RunTime:0.001500s ]
INFO: [ app_end ] --END-- [ RunTime:0.001500s ]

[ 2016-03-11T10:24:18+08:00 ] 127.0.0.1 /index.php/Home/login
INFO: [ app_init ] --START--
INFO: Run Behavior\BuildLiteBehavior [ RunTime:0.000000s ]
INFO: [ app_init ] --END-- [ RunTime:0.000000s ]
INFO: [ app_begin ] --START--
INFO: Run Behavior\ReadHtmlCacheBehavior [ RunTime:0.000500s ]
INFO: [ app_begin ] --END-- [ RunTime:0.000500s ]
INFO: [ view_parse ] --START--
INFO: [ template_filter ] --START--
INFO: Run Behavior\ContentReplaceBehavior [ RunTime:0.000000s ]
INFO: [ template_filter ] --END-- [ RunTime:0.000000s ]
INFO: Run Behavior\ParseTemplateBehavior [ RunTime:0.008000s ]
INFO: [ view_parse ] --END-- [ RunTime:0.008500s ]
INFO: [ view_filter ] --START--
INFO: Run Behavior\WriteHtmlCacheBehavior [ RunTime:0.000500s ]
INFO: [ view_filter ] --END-- [ RunTime:0.000500s ]
INFO: [ app_end ] --START--
INFO: Run Behavior\ShowPageTraceBehavior [ RunTime:0.001000s ]
INFO: [ app_end ] --END-- [ RunTime:0.001000s ]

[ 2016-03-11T10:24:56+08:00 ] 127.0.0.1 /index.php/Home/login
INFO: [ app_init ] --START--
INFO: Run Behavior\BuildLiteBehavior [ RunTime:0.000000s ]
INFO: [ app_init ] --END-- [ RunTime:0.000000s ]
INFO: [ app_begin ] --START--
INFO: Run Behavior\ReadHtmlCacheBehavior [ RunTime:0.001000s ]
INFO: [ app_begin ] --END-- [ RunTime:0.001000s ]
NOTIC: [8] Undefined offset: 1 D:\www\phpstorm\php_BdVlogin\Application\Home\Controller\LoginController.class.php Á¨¨ 39 Ë°å.
NOTIC: [8] Undefined offset: 1 D:\www\phpstorm\php_BdVlogin\Application\Home\Controller\LoginController.class.php Á¨¨ 40 Ë°å.
NOTIC: [8] Undefined offset: 1 D:\www\phpstorm\php_BdVlogin\Application\Home\Controller\LoginController.class.php Á¨¨ 57 Ë°å.

